This is pdfTeX, Version 3.1415926-2.3-1.40.12 (MiKTeX 2.9) (preloaded format=pdflatex 2012.2.3)  28 FEB 2012 08:58
entering extended mode
**ugs.tex
("D:\Projects\LaTeX\Universal Game System\ugs.tex"
LaTeX2e <2011/06/27>
Babel <v3.8m> and hyphenation patterns for english, afrikaans, ancientgreek, ar
abic, armenian, assamese, basque, bengali, bokmal, bulgarian, catalan, coptic, 
croatian, czech, danish, dutch, esperanto, estonian, farsi, finnish, french, ga
lician, german, german-x-2009-06-19, greek, gujarati, hindi, hungarian, iceland
ic, indonesian, interlingua, irish, italian, kannada, kurmanji, lao, latin, lat
vian, lithuanian, malayalam, marathi, mongolian, mongolianlmc, monogreek, ngerm
an, ngerman-x-2009-06-19, nynorsk, oriya, panjabi, pinyin, polish, portuguese, 
romanian, russian, sanskrit, serbian, slovak, slovenian, spanish, swedish, swis
sgerman, tamil, telugu, turkish, turkmen, ukenglish, ukrainian, uppersorbian, u
senglishmax, welsh, loaded.
("C:\Program Files\MiKTeX 2.9\tex\latex\base\article.cls"
Document Class: article 2007/10/19 v1.4h Standard LaTeX document class
("C:\Program Files\MiKTeX 2.9\tex\latex\base\size10.clo"
File: size10.clo 2007/10/19 v1.4h Standard LaTeX file (size option)
)
\c@part=\count79
\c@section=\count80
\c@subsection=\count81
\c@subsubsection=\count82
\c@paragraph=\count83
\c@subparagraph=\count84
\c@figure=\count85
\c@table=\count86
\abovecaptionskip=\skip41
\belowcaptionskip=\skip42
\bibindent=\dimen102
)
("C:\Program Files\MiKTeX 2.9\tex\latex\preprint\fullpage.sty"
Package: fullpage 1999/02/23 1.1 (PWD)
\FP@margin=\skip43
)
("C:\Program Files\MiKTeX 2.9\tex\latex\ltxmisc\url.sty"
\Urlmuskip=\muskip10
Package: url 2006/04/12  ver 3.3  Verb mode for urls, etc.
)
("C:\Program Files\MiKTeX 2.9\tex\latex\graphics\graphicx.sty"
Package: graphicx 1999/02/16 v1.0f Enhanced LaTeX Graphics (DPC,SPQR)

("C:\Program Files\MiKTeX 2.9\tex\latex\graphics\keyval.sty"
Package: keyval 1999/03/16 v1.13 key=value parser (DPC)
\KV@toks@=\toks14
)
("C:\Program Files\MiKTeX 2.9\tex\latex\graphics\graphics.sty"
Package: graphics 2009/02/05 v1.0o Standard LaTeX Graphics (DPC,SPQR)

("C:\Program Files\MiKTeX 2.9\tex\latex\graphics\trig.sty"
Package: trig 1999/03/16 v1.09 sin cos tan (DPC)
)
("C:\Program Files\MiKTeX 2.9\tex\latex\00miktex\graphics.cfg"
File: graphics.cfg 2007/01/18 v1.5 graphics configuration of teTeX/TeXLive
)
Package graphics Info: Driver file: pdftex.def on input line 91.

("C:\Program Files\MiKTeX 2.9\tex\latex\pdftex-def\pdftex.def"
File: pdftex.def 2011/05/27 v0.06d Graphics/color for pdfTeX

("C:\Program Files\MiKTeX 2.9\tex\generic\oberdiek\infwarerr.sty"
Package: infwarerr 2010/04/08 v1.3 Providing info/warning/message (HO)
)
("C:\Program Files\MiKTeX 2.9\tex\generic\oberdiek\ltxcmds.sty"
Package: ltxcmds 2011/04/18 v1.20 LaTeX kernel commands for general use (HO)
)
\Gread@gobject=\count87
))
\Gin@req@height=\dimen103
\Gin@req@width=\dimen104
)
("D:\Projects\LaTeX\Universal Game System\ugs.aux")
LaTeX Font Info:    Checking defaults for OML/cmm/m/it on input line 6.
LaTeX Font Info:    ... okay on input line 6.
LaTeX Font Info:    Checking defaults for T1/cmr/m/n on input line 6.
LaTeX Font Info:    ... okay on input line 6.
LaTeX Font Info:    Checking defaults for OT1/cmr/m/n on input line 6.
LaTeX Font Info:    ... okay on input line 6.
LaTeX Font Info:    Checking defaults for OMS/cmsy/m/n on input line 6.
LaTeX Font Info:    ... okay on input line 6.
LaTeX Font Info:    Checking defaults for OMX/cmex/m/n on input line 6.
LaTeX Font Info:    ... okay on input line 6.
LaTeX Font Info:    Checking defaults for U/cmr/m/n on input line 6.
LaTeX Font Info:    ... okay on input line 6.
LaTeX Font Info:    External font `cmex10' loaded for size
(Font)              <12> on input line 11.
LaTeX Font Info:    External font `cmex10' loaded for size
(Font)              <8> on input line 11.
LaTeX Font Info:    External font `cmex10' loaded for size
(Font)              <6> on input line 11.
Missing character: There is no ³ in font cmr12!
Missing character: There is no œ in font cmr12!

("D:\Projects\LaTeX\Universal Game System\ugs.toc"
LaTeX Font Info:    External font `cmex10' loaded for size
(Font)              <7> on input line 2.
LaTeX Font Info:    External font `cmex10' loaded for size
(Font)              <5> on input line 2.
)
\tf@toc=\write3
 [1

{C:/ProgramData/MiKTeX/2.9/pdftex/config/pdftex.map}]
<UGS_usecases_Client.jpg, id=10, 317.0244pt x 434.46315pt>
File: UGS_usecases_Client.jpg Graphic file (type jpg)

<use UGS_usecases_Client.jpg>
Package pdftex.def Info: UGS_usecases_Client.jpg used on input line 70.
(pdftex.def)             Requested size: 317.02362pt x 434.46208pt.
 [2]
<UGS_usecases_Application.jpg, id=15, 493.1223pt x 706.19835pt>
File: UGS_usecases_Application.jpg Graphic file (type jpg)

<use UGS_usecases_Application.jpg>
Package pdftex.def Info: UGS_usecases_Application.jpg used on input line 75.
(pdftex.def)             Requested size: 493.1211pt x 706.19662pt.
 [3 <D:/Projects/LaTeX/Universal Game System/UGS_usecases_Client.jpg>]
Overfull \vbox (66.83482pt too high) has occurred while \output is active []


[4 <D:/Projects/LaTeX/Universal Game System/UGS_usecases_Application.jpg>]
<UGS_classes.jpg, id=22, 375.44266pt x 381.94695pt>
File: UGS_classes.jpg Graphic file (type jpg)
 <use UGS_classes.jpg>
Package pdftex.def Info: UGS_classes.jpg used on input line 83.
(pdftex.def)             Requested size: 563.16258pt x 572.91899pt.

Overfull \hbox (34.22583pt too wide) in paragraph at lines 83--84
[][] 
 []

[5 <D:/Projects/LaTeX/Universal Game System/UGS_classes.jpg>]
<UGS_events_Game_initilalization.jpg, id=26, 300.52275pt x 294.50024pt>
File: UGS_events_Game_initilalization.jpg Graphic file (type jpg)

<use UGS_events_Game_initilalization.jpg>
Package pdftex.def Info: UGS_events_Game_initilalization.jpg used on input line
 89.
(pdftex.def)             Requested size: 300.522pt x 294.49951pt.

<UGS_events_Game_finalization.jpg, id=27, 720.5319pt x 293.77756pt>
File: UGS_events_Game_finalization.jpg Graphic file (type jpg)

<use UGS_events_Game_finalization.jpg>
Package pdftex.def Info: UGS_events_Game_finalization.jpg used on input line 92
.
(pdftex.def)             Requested size: 504.36888pt x 205.64287pt.

<UGS_events_Client-server_communication.jpg, id=28, 378.81525pt x 378.09254pt>
File: UGS_events_Client-server_communication.jpg Graphic file (type jpg)

<use UGS_events_Client-server_communication.jpg>
Package pdftex.def Info: UGS_events_Client-server_communication.jpg used on inp
ut line 95.
(pdftex.def)             Requested size: 378.81432pt x 378.09161pt.
 [6 <D:/Projects/LaTeX/Universal Game System/UGS_events_Game_initilalization.jp
g> <D:/Projects/LaTeX/Universal Game System/UGS_events_Game_finalization.jpg>]
<UGS_events_master-server-player_interaction.jpg, id=32, 421.575pt x 279.32355p
t>
File: UGS_events_master-server-player_interaction.jpg Graphic file (type jpg)
 <use UGS_events_master-server-player_interaction.jpg>
Package pdftex.def Info: UGS_events_master-server-player_interaction.jpg used o
n input line 98.
(pdftex.def)             Requested size: 421.57396pt x 279.32285pt.
 [7 <D:/Projects/LaTeX/Universal Game System/UGS_events_Client-server_communica
tion.jpg>]
<UGS_states_cielnt-server_communication.jpg, id=37, 407.3619pt x 95.75775pt>
File: UGS_states_cielnt-server_communication.jpg Graphic file (type jpg)

<use UGS_states_cielnt-server_communication.jpg>
Package pdftex.def Info: UGS_states_cielnt-server_communication.jpg used on inp
ut line 103.
(pdftex.def)             Requested size: 407.36089pt x 95.7575pt.

<UGS_states_game_master.jpg, id=38, 578.28046pt x 385.56046pt>
File: UGS_states_game_master.jpg Graphic file (type jpg)

<use UGS_states_game_master.jpg>
Package pdftex.def Info: UGS_states_game_master.jpg used on input line 106.
(pdftex.def)             Requested size: 520.4476pt x 347.00119pt.
 [8 <D:/Projects/LaTeX/Universal Game System/UGS_events_master-server-player_in
teraction.jpg> <D:/Projects/LaTeX/Universal Game System/UGS_states_cielnt-serve
r_communication.jpg>]
<UGS_states_player-game.jpg, id=42, 457.10776pt x 189.1065pt>
File: UGS_states_player-game.jpg Graphic file (type jpg)

<use UGS_states_player-game.jpg>
Package pdftex.def Info: UGS_states_player-game.jpg used on input line 109.
(pdftex.def)             Requested size: 457.10663pt x 189.10603pt.

<UGS_states_server.jpg, id=43, 647.5392pt x 319.31294pt>
File: UGS_states_server.jpg Graphic file (type jpg)

<use UGS_states_server.jpg>
Package pdftex.def Info: UGS_states_server.jpg used on input line 112.
(pdftex.def)             Requested size: 518.03206pt x 255.45068pt.
 [9 <D:/Projects/LaTeX/Universal Game System/UGS_states_game_master.jpg> <D:/Pr
ojects/LaTeX/Universal Game System/UGS_states_player-game.jpg>]
<UGS_activities_champioship_management.jpg, id=47, 661.15005pt x 298.2342pt>
File: UGS_activities_champioship_management.jpg Graphic file (type jpg)

<use UGS_activities_champioship_management.jpg>
Package pdftex.def Info: UGS_activities_champioship_management.jpg used on inpu
t line 117.
(pdftex.def)             Requested size: 528.92076pt x 238.58768pt.

<UGS_activities_game_creation.jpg, id=48, 493.845pt x 420.1296pt>
File: UGS_activities_game_creation.jpg Graphic file (type jpg)

<use UGS_activities_game_creation.jpg>
Package pdftex.def Info: UGS_activities_game_creation.jpg used on input line 12
0.
(pdftex.def)             Requested size: 493.84378pt x 420.12857pt.
 [10 <D:/Projects/LaTeX/Universal Game System/UGS_states_server.jpg> <D:/Projec
ts/LaTeX/Universal Game System/UGS_activities_champioship_management.jpg>]
<UGS_activities_login.jpg, id=52, 469.87544pt x 417.2388pt>
File: UGS_activities_login.jpg Graphic file (type jpg)

<use UGS_activities_login.jpg>
Package pdftex.def Info: UGS_activities_login.jpg used on input line 123.
(pdftex.def)             Requested size: 469.87428pt x 417.23778pt.
 [11 <D:/Projects/LaTeX/Universal Game System/UGS_activities_game_creation.jpg>
]
<UGS_activities_logout.jpg, id=56, 566.95815pt x 518.05545pt>
File: UGS_activities_logout.jpg Graphic file (type jpg)

<use UGS_activities_logout.jpg>
Package pdftex.def Info: UGS_activities_logout.jpg used on input line 126.
(pdftex.def)             Requested size: 510.25761pt x 466.24559pt.
 [12 <D:/Projects/LaTeX/Universal Game System/UGS_activities_login.jpg>] <UGS_p
rotocol.jpg, id=60, 354.123pt x 225.4824pt>
File: UGS_protocol.jpg Graphic file (type jpg)

<use UGS_protocol.jpg>
Package pdftex.def Info: UGS_protocol.jpg used on input line 129.
(pdftex.def)             Requested size: 531.18317pt x 338.22276pt.

Overfull \hbox (2.24641pt too wide) in paragraph at lines 129--130
[][] 
 []

[13 <D:/Projects/LaTeX/Universal Game System/UGS_activities_logout.jpg>]
[14 <D:/Projects/LaTeX/Universal Game System/UGS_protocol.jpg>]
("D:\Projects\LaTeX\Universal Game System\ugs.aux") ) 
Here is how much of TeX's memory you used:
 1007 strings out of 494045
 14802 string characters out of 3148394
 66878 words of memory out of 3000000
 4316 multiletter control sequences out of 15000+200000
 8063 words of font info for 29 fonts, out of 3000000 for 9000
 715 hyphenation exceptions out of 8191
 27i,6n,19p,215b,292s stack positions out of 5000i,500n,10000p,200000b,50000s
<C:/Program Files/MiKTeX 2
.9/fonts/type1/public/amsfonts/cm/cmbx10.pfb><C:/Program Files/MiKTeX 2.9/fonts
/type1/public/amsfonts/cm/cmbx12.pfb><C:/Program Files/MiKTeX 2.9/fonts/type1/p
ublic/amsfonts/cm/cmr10.pfb><C:/Program Files/MiKTeX 2.9/fonts/type1/public/ams
fonts/cm/cmr12.pfb><C:/Program Files/MiKTeX 2.9/fonts/type1/public/amsfonts/cm/
cmr17.pfb><C:/Program Files/MiKTeX 2.9/fonts/type1/public/amsfonts/cm/cmtt10.pf
b>
Output written on ugs.pdf (14 pages, 9036994 bytes).
PDF statistics:
 88 PDF objects out of 1000 (max. 8388607)
 0 named destinations out of 1000 (max. 500000)
 81 words of extra memory for PDF output out of 10000 (max. 10000000)

